API server listening at: 127.0.0.1:3813
runs:
<w:r><w:rPr></w:rPr><w:t>This is a</w:t></w:r>
2019/06/12 03:16:24 {0xc000126300 0xc000126880 0xc000126900 0xc000126380 <nil> 2 r w http://schemas.openxmlformats.org/wordprocessingml/2006/main [] 4}
2019/06/12 03:16:24 {0xc000126800 <nil> <nil> <nil> 0xc000126900 2 rPr w http://schemas.openxmlformats.org/wordprocessingml/2006/main [] 5}
2019/06/12 03:16:24 {0xc000126800 0xc000126980 0xc000126980 0xc000126880 <nil> 2 t w http://schemas.openxmlformats.org/wordprocessingml/2006/main [] 5}
2019/06/12 03:16:24 {0xc000126900 <nil> <nil> <nil> <nil> 3 This is a   [] 6}
2019/06/12 03:16:24 {0xc000126300 0xc000126880 0xc000126900 0xc000126380 <nil> 2 r w http://schemas.openxmlformats.org/wordprocessingml/2006/main [] 4}
2019/06/12 03:16:24 {0xc000126800 <nil> <nil> <nil> 0xc000126900 2 rPr w http://schemas.openxmlformats.org/wordprocessingml/2006/main [] 5}
2019/06/12 03:16:24 {0xc000126800 0xc000126980 0xc000126980 0xc000126880 <nil> 2 t w http://schemas.openxmlformats.org/wordprocessingml/2006/main [] 5}
2019/06/12 03:16:24 {0xc000126900 <nil> <nil> <nil> <nil> 3 This is a   [] 6}
2019/06/12 03:16:24 Adding the following run to the pile
<w:r><w:rPr></w:rPr><w:t>This is a</w:t></w:r>
2019/06/12 03:16:24 links
<?xml version="1.0" encoding="UTF-8"?>
<Relationships xmlns="http://schemas.openxmlformats.org/package/2006/relationships"><Relationship Id="rId1" Type="http://schemas.openxmlformats.org/officeDocument/2006/relationships/styles" Target="styles.xml"/><Relationship Id="rId2" Type="http://schemas.openxmlformats.org/officeDocument/2006/relationships/hyperlink" Target="http://example.com/" TargetMode="External"/><Relationship Id="rId3" Type="http://schemas.openxmlformats.org/officeDocument/2006/relationships/header" Target="header1.xml"/><Relationship Id="rId4" Type="http://schemas.openxmlformats.org/officeDocument/2006/relationships/footer" Target="footer1.xml"/><Relationship Id="rId5" Type="http://schemas.openxmlformats.org/officeDocument/2006/relationships/fontTable" Target="fontTable.xml"/><Relationship Id="rId6" Type="http://schemas.openxmlformats.org/officeDocument/2006/relationships/settings" Target="settings.xml"/><Relationship Id="rId7" Type="http://schemas.openxmlformats.org/officeDocument/2006/relationships/theme" Target="theme/theme1.xml"/>
</Relationships>
2019/06/12 03:16:24 hyperlink xml
<?xml version="1.0" encoding="UTF-8" standalone="yes"?><w:document xmlns:o="urn:schemas-microsoft-com:office:office" xmlns:r="http://schemas.openxmlformats.org/officeDocument/2006/relationships" xmlns:v="urn:schemas-microsoft-com:vml" xmlns:w="http://schemas.openxmlformats.org/wordprocessingml/2006/main" xmlns:w10="urn:schemas-microsoft-com:office:word" xmlns:wp="http://schemas.openxmlformats.org/drawingml/2006/wordprocessingDrawing" xmlns:wps="http://schemas.microsoft.com/office/word/2010/wordprocessingShape" xmlns:wpg="http://schemas.microsoft.com/office/word/2010/wordprocessingGroup" 		xmlns:mc="http://schemas.openxmlformats.org/markup-compatibility/2006" xmlns:wp14="http://schemas.microsoft.com/office/word/2010/wordprocessingDrawing" xmlns:w14="http://schemas.microsoft.com/office/word/2010/wordml" mc:Ignorable="w14 wp14"><Relationship Id="rId8" Type="http://schemas.openxmlformats.org/officeDocument/2006/relationships/hyperlink" Target="Allegato.txt" TargetMode="External"/></w:document>
2019/06/12 03:16:24 {0xc000127b80 <nil> <nil> <nil> 0xc000127c80 1 xml   [{{ version} 1.0} {{ encoding} UTF-8}] 1}
2019/06/12 03:16:24 {0xc000127b80 <nil> <nil> 0xc000127c00 0xc000127d00 3 
   [] 1}
2019/06/12 03:16:24 {0xc000127b80 0xc000127d80 0xc0001b2100 0xc000127c80 <nil> 2 Relationships  http://schemas.openxmlformats.org/package/2006/relationships [{{ xmlns} http://schemas.openxmlformats.org/package/2006/relationships}] 1}
2019/06/12 03:16:24 {0xc000127d00 <nil> <nil> <nil> 0xc000127e00 2 Relationship  http://schemas.openxmlformats.org/package/2006/relationships [{{ Id} rId1} {{ Type} http://schemas.openxmlformats.org/officeDocument/2006/relationships/styles} {{ Target} styles.xml}] 2}
2019/06/12 03:16:24 {0xc000127d00 <nil> <nil> 0xc000127d80 0xc000127e80 2 Relationship  http://schemas.openxmlformats.org/package/2006/relationships [{{ Id} rId2} {{ Type} http://schemas.openxmlformats.org/officeDocument/2006/relationships/hyperlink} {{ Target} http://example.com/} {{ TargetMode} External}] 2}
2019/06/12 03:16:24 {0xc000127d00 <nil> <nil> 0xc000127e00 0xc000127f00 2 Relationship  http://schemas.openxmlformats.org/package/2006/relationships [{{ Id} rId3} {{ Type} http://schemas.openxmlformats.org/officeDocument/2006/relationships/header} {{ Target} header1.xml}] 2}
2019/06/12 03:16:24 {0xc000127d00 <nil> <nil> 0xc000127e80 0xc000127f80 2 Relationship  http://schemas.openxmlformats.org/package/2006/relationships [{{ Id} rId4} {{ Type} http://schemas.openxmlformats.org/officeDocument/2006/relationships/footer} {{ Target} footer1.xml}] 2}
2019/06/12 03:16:24 {0xc000127d00 <nil> <nil> 0xc000127f00 0xc0001b2000 2 Relationship  http://schemas.openxmlformats.org/package/2006/relationships [{{ Id} rId5} {{ Type} http://schemas.openxmlformats.org/officeDocument/2006/relationships/fontTable} {{ Target} fontTable.xml}] 2}
2019/06/12 03:16:24 {0xc000127d00 <nil> <nil> 0xc000127f80 0xc0001b2080 2 Relationship  http://schemas.openxmlformats.org/package/2006/relationships [{{ Id} rId6} {{ Type} http://schemas.openxmlformats.org/officeDocument/2006/relationships/settings} {{ Target} settings.xml}] 2}
2019/06/12 03:16:24 {0xc000127d00 <nil> <nil> 0xc0001b2000 0xc0001b2100 2 Relationship  http://schemas.openxmlformats.org/package/2006/relationships [{{ Id} rId7} {{ Type} http://schemas.openxmlformats.org/officeDocument/2006/relationships/theme} {{ Target} theme/theme1.xml}] 2}
2019/06/12 03:16:24 {0xc000127d00 <nil> <nil> 0xc0001b2080 0xc0001b2380 3 
   [] 2}
2019/06/12 03:16:24 {0xc0001b2300 <nil> <nil> 0xc0001b2100 <nil> 2 Relationship   [{{ Id} rId8} {{ Type} http://schemas.openxmlformats.org/officeDocument/2006/relationships/hyperlink} {{ Target} Allegato.txt} {{ TargetMode} External}] 2}
2019/06/12 03:16:24 <?xml version="1.0" encoding="UTF-8" standalone="yes"?><w:document xmlns:o="urn:schemas-microsoft-com:office:office" xmlns:r="http://schemas.openxmlformats.org/officeDocument/2006/relationships" xmlns:v="urn:schemas-microsoft-com:vml" xmlns:w="http://schemas.openxmlformats.org/wordprocessingml/2006/main" xmlns:w10="urn:schemas-microsoft-com:office:word" xmlns:wp="http://schemas.openxmlformats.org/drawingml/2006/wordprocessingDrawing" xmlns:wps="http://schemas.microsoft.com/office/word/2010/wordprocessingShape" xmlns:wpg="http://schemas.microsoft.com/office/word/2010/wordprocessingGroup" 		xmlns:mc="http://schemas.openxmlformats.org/markup-compatibility/2006" xmlns:wp14="http://schemas.microsoft.com/office/word/2010/wordprocessingDrawing" xmlns:w14="http://schemas.microsoft.com/office/word/2010/wordml" mc:Ignorable="w14 wp14"><w:hyperlink r:id="rId8"><w:r><w:rPr><w:rStyle w:val="InternetLink"/></w:rPr><w:t>This</w:t></w:r></w:hyperlink></w:document>
2019/06/12 03:16:24 {0xc0001b2b80 0xc0001b2c80 0xc0001b2c80 <nil> <nil> 2 hyperlink w http://schemas.openxmlformats.org/wordprocessingml/2006/main [{{r id} rId8}] 2}
2019/06/12 03:16:24 {0xc0001b2c00 0xc0001b2d00 0xc0001b2e00 <nil> <nil> 2 r w http://schemas.openxmlformats.org/wordprocessingml/2006/main [] 3}
2019/06/12 03:16:24 {0xc0001b2c80 0xc0001b2d80 0xc0001b2d80 <nil> 0xc0001b2e00 2 rPr w http://schemas.openxmlformats.org/wordprocessingml/2006/main [] 4}
2019/06/12 03:16:24 {0xc0001b2d00 <nil> <nil> <nil> <nil> 2 rStyle w http://schemas.openxmlformats.org/wordprocessingml/2006/main [{{w val} InternetLink}] 5}
2019/06/12 03:16:24 {0xc0001b2c80 0xc0001b2e80 0xc0001b2e80 0xc0001b2d00 <nil> 2 t w http://schemas.openxmlformats.org/wordprocessingml/2006/main [] 4}
2019/06/12 03:16:24 {0xc0001b2e00 <nil> <nil> <nil> <nil> 3 This   [] 5}
2019/06/12 03:16:24 hyperlink node generated
<w:hyperlink r:id="rId8"><w:r><w:rPr><w:rStyle w:val="InternetLink"></w:rStyle></w:rPr><w:t>This</w:t></w:r></w:hyperlink>
2019/06/12 03:16:24 {0xc000126800 0xc0001b2c80 0xc0001b2c80 0xc000126800 <nil> 2 hyperlink w http://schemas.openxmlformats.org/wordprocessingml/2006/main [{{r id} rId8}] 2}
2019/06/12 03:16:24 {0xc0001b2c00 0xc0001b2d00 0xc0001b2e00 <nil> <nil> 2 r w http://schemas.openxmlformats.org/wordprocessingml/2006/main [] 3}
2019/06/12 03:16:24 {0xc0001b2c80 0xc0001b2d80 0xc0001b2d80 <nil> 0xc0001b2e00 2 rPr w http://schemas.openxmlformats.org/wordprocessingml/2006/main [] 4}
2019/06/12 03:16:24 {0xc0001b2d00 <nil> <nil> <nil> <nil> 2 rStyle w http://schemas.openxmlformats.org/wordprocessingml/2006/main [{{w val} InternetLink}] 5}
2019/06/12 03:16:24 {0xc0001b2c80 0xc0001b2e80 0xc0001b2e80 0xc0001b2d00 <nil> 2 t w http://schemas.openxmlformats.org/wordprocessingml/2006/main [] 4}
2019/06/12 03:16:24 {0xc0001b2e00 <nil> <nil> <nil> <nil> 3 This   [] 5}
2019/06/12 03:16:24 Adding the following run to the pile
<w:hyperlink r:id="rId8"><w:r><w:rPr><w:rStyle w:val="InternetLink"></w:rStyle></w:rPr><w:t>This</w:t></w:r></w:hyperlink>
2019/06/12 03:16:24 {0xc000126300 0xc000126880 0xc000126900 0xc000126380 0xc0001b2c00 2 r w http://schemas.openxmlformats.org/wordprocessingml/2006/main [] 4}
2019/06/12 03:16:24 {0xc000126800 <nil> <nil> <nil> 0xc000126900 2 rPr w http://schemas.openxmlformats.org/wordprocessingml/2006/main [] 5}
2019/06/12 03:16:24 {0xc000126800 0xc000126980 0xc000126980 0xc000126880 <nil> 2 t w http://schemas.openxmlformats.org/wordprocessingml/2006/main [] 5}
2019/06/12 03:16:24 {0xc000126900 <nil> <nil> <nil> <nil> 3 This is a   [] 6}
2019/06/12 03:16:24 Adding the following run to the pile
<w:r><w:rPr></w:rPr><w:t>This is a</w:t></w:r>
2019/06/12 03:16:24 Printing the pile
2019/06/12 03:16:24 {0xc000126300 0xc000126880 0xc000126900 0xc000126380 <nil> 2 r w http://schemas.openxmlformats.org/wordprocessingml/2006/main [] 4}
2019/06/12 03:16:24 {0xc000126800 <nil> <nil> <nil> 0xc000126900 2 rPr w http://schemas.openxmlformats.org/wordprocessingml/2006/main [] 5}
2019/06/12 03:16:24 {0xc000126800 0xc000126980 0xc000126980 0xc000126880 <nil> 2 t w http://schemas.openxmlformats.org/wordprocessingml/2006/main [] 5}
2019/06/12 03:16:24 {0xc000126900 <nil> <nil> <nil> <nil> 3 This is a   [] 6}
2019/06/12 03:16:24 0 -	<w:r><w:rPr></w:rPr><w:t>This is a</w:t></w:r>
2019/06/12 03:16:24 {0xc000126800 0xc0001b2c80 0xc000126800 0xc000126800 <nil> 2 hyperlink w http://schemas.openxmlformats.org/wordprocessingml/2006/main [{{r id} rId8}] 2}
2019/06/12 03:16:24 {0xc0001b2c00 0xc0001b2d00 0xc0001b2e00 <nil> <nil> 2 r w http://schemas.openxmlformats.org/wordprocessingml/2006/main [] 3}
2019/06/12 03:16:24 {0xc0001b2c80 0xc0001b2d80 0xc0001b2d80 <nil> 0xc0001b2e00 2 rPr w http://schemas.openxmlformats.org/wordprocessingml/2006/main [] 4}
2019/06/12 03:16:24 {0xc0001b2d00 <nil> <nil> <nil> <nil> 2 rStyle w http://schemas.openxmlformats.org/wordprocessingml/2006/main [{{w val} InternetLink}] 5}
2019/06/12 03:16:24 {0xc0001b2c80 0xc0001b2e80 0xc0001b2e80 0xc0001b2d00 <nil> 2 t w http://schemas.openxmlformats.org/wordprocessingml/2006/main [] 4}
2019/06/12 03:16:24 {0xc0001b2e00 <nil> <nil> <nil> <nil> 3 This   [] 5}
2019/06/12 03:16:24 1 -	<w:hyperlink r:id="rId8"><w:r><w:rPr><w:rStyle w:val="InternetLink"></w:rStyle></w:rPr><w:t>This</w:t></w:r></w:hyperlink>
2019/06/12 03:16:24 {0xc000126300 0xc000126880 0xc000126900 0xc000126380 <nil> 2 r w http://schemas.openxmlformats.org/wordprocessingml/2006/main [] 4}
2019/06/12 03:16:24 {0xc000126800 <nil> <nil> <nil> 0xc000126900 2 rPr w http://schemas.openxmlformats.org/wordprocessingml/2006/main [] 5}
2019/06/12 03:16:24 {0xc000126800 0xc000126980 0xc000126980 0xc000126880 <nil> 2 t w http://schemas.openxmlformats.org/wordprocessingml/2006/main [] 5}
2019/06/12 03:16:24 {0xc000126900 <nil> <nil> <nil> <nil> 3 This is a   [] 6}
2019/06/12 03:16:24 2 -	<w:r><w:rPr></w:rPr><w:t>This is a</w:t></w:r>
2019/06/12 03:16:24 {0xc000126100 <nil> <nil> <nil> 0xc000126200 1 xml   [{{ version} 1.0} {{ encoding} UTF-8} {{ standalone} yes}] 1}
2019/06/12 03:16:24 {0xc000126100 0xc000126280 0xc000126280 0xc000126180 <nil> 2 document w http://schemas.openxmlformats.org/wordprocessingml/2006/main [{{xmlns o} urn:schemas-microsoft-com:office:office} {{xmlns r} http://schemas.openxmlformats.org/officeDocument/2006/relationships} {{xmlns v} urn:schemas-microsoft-com:vml} {{xmlns w} http://schemas.openxmlformats.org/wordprocessingml/2006/main} {{xmlns w10} urn:schemas-microsoft-com:office:word} {{xmlns wp} http://schemas.openxmlformats.org/drawingml/2006/wordprocessingDrawing} {{xmlns wps} http://schemas.microsoft.com/office/word/2010/wordprocessingShape} {{xmlns wpg} http://schemas.microsoft.com/office/word/2010/wordprocessingGroup} {{xmlns mc} http://schemas.openxmlformats.org/markup-compatibility/2006} {{xmlns wp14} http://schemas.microsoft.com/office/word/2010/wordprocessingDrawing} {{xmlns w14} http://schemas.microsoft.com/office/word/2010/wordml} {{mc Ignorable} w14 wp14}] 1}
2019/06/12 03:16:24 {0xc000126200 0xc000126300 0xc000126a00 <nil> <nil> 2 body w http://schemas.openxmlformats.org/wordprocessingml/2006/main [] 2}
2019/06/12 03:16:24 {0xc000126280 0xc000126380 0xc000126800 <nil> 0xc000126a00 2 p w http://schemas.openxmlformats.org/wordprocessingml/2006/main [] 3}
2019/06/12 03:16:24 {0xc000126300 0xc000126400 0xc000126480 <nil> 0xc000126800 2 pPr w http://schemas.openxmlformats.org/wordprocessingml/2006/main [] 4}
2019/06/12 03:16:24 {0xc000126380 <nil> <nil> <nil> 0xc000126480 2 pStyle w http://schemas.openxmlformats.org/wordprocessingml/2006/main [{{w val} Normal}] 5}
2019/06/12 03:16:24 {0xc000126380 0xc000126500 0xc000126780 0xc000126400 <nil> 2 rPr w http://schemas.openxmlformats.org/wordprocessingml/2006/main [] 5}
2019/06/12 03:16:24 {0xc000126480 <nil> <nil> <nil> 0xc000126580 2 sz w http://schemas.openxmlformats.org/wordprocessingml/2006/main [{{w val} 24}] 6}
2019/06/12 03:16:24 {0xc000126480 <nil> <nil> 0xc000126500 0xc000126600 2 sz w http://schemas.openxmlformats.org/wordprocessingml/2006/main [{{w val} 24}] 6}
2019/06/12 03:16:24 {0xc000126480 <nil> <nil> 0xc000126580 0xc000126680 2 szCs w http://schemas.openxmlformats.org/wordprocessingml/2006/main [{{w val} 24}] 6}
2019/06/12 03:16:24 {0xc000126480 <nil> <nil> 0xc000126600 0xc000126700 2 rFonts w http://schemas.openxmlformats.org/wordprocessingml/2006/main [{{w ascii} Calibri} {{w hAnsi} Calibri} {{w eastAsia} Calibri} {{w cs} } {{w asciiTheme} minorHAnsi} {{w cstheme} minorBidi} {{w eastAsiaTheme} minorHAnsi} {{w hAnsiTheme} minorHAnsi}] 6}
2019/06/12 03:16:24 {0xc000126480 <nil> <nil> 0xc000126680 0xc000126780 2 color w http://schemas.openxmlformats.org/wordprocessingml/2006/main [{{w val} 00000A}] 6}
2019/06/12 03:16:24 {0xc000126480 <nil> <nil> 0xc000126700 <nil> 2 lang w http://schemas.openxmlformats.org/wordprocessingml/2006/main [{{w val} en-US} {{w eastAsia} en-US} {{w bidi} ar-SA}] 6}
2019/06/12 03:16:24 {0xc000126300 0xc000126880 0xc000126900 0xc000126380 <nil> 2 r w http://schemas.openxmlformats.org/wordprocessingml/2006/main [] 4}
2019/06/12 03:16:24 {0xc000126800 <nil> <nil> <nil> 0xc000126900 2 rPr w http://schemas.openxmlformats.org/wordprocessingml/2006/main [] 5}
2019/06/12 03:16:24 {0xc000126800 0xc000126980 0xc000126980 0xc000126880 <nil> 2 t w http://schemas.openxmlformats.org/wordprocessingml/2006/main [] 5}
2019/06/12 03:16:24 {0xc000126900 <nil> <nil> <nil> <nil> 3 This is a   [] 6}
2019/06/12 03:16:24 {0xc000126280 0xc000126a80 0xc000126e80 0xc000126300 <nil> 2 sectPr w http://schemas.openxmlformats.org/wordprocessingml/2006/main [] 3}
2019/06/12 03:16:24 {0xc000126a00 <nil> <nil> <nil> 0xc000126b00 2 headerReference w http://schemas.openxmlformats.org/wordprocessingml/2006/main [{{w type} default} {{r id} rId3}] 4}
2019/06/12 03:16:24 {0xc000126a00 <nil> <nil> 0xc000126a80 0xc000126b80 2 footerReference w http://schemas.openxmlformats.org/wordprocessingml/2006/main [{{w type} default} {{r id} rId4}] 4}
2019/06/12 03:16:24 {0xc000126a00 <nil> <nil> 0xc000126b00 0xc000126c00 2 type w http://schemas.openxmlformats.org/wordprocessingml/2006/main [{{w val} nextPage}] 4}
2019/06/12 03:16:24 {0xc000126a00 <nil> <nil> 0xc000126b80 0xc000126c80 2 pgSz w http://schemas.openxmlformats.org/wordprocessingml/2006/main [{{w w} 12240} {{w h} 15840}] 4}
2019/06/12 03:16:24 {0xc000126a00 <nil> <nil> 0xc000126c00 0xc000126d00 2 pgMar w http://schemas.openxmlformats.org/wordprocessingml/2006/main [{{w left} 1440} {{w right} 1440} {{w header} 720} {{w top} 1440} {{w footer} 720} {{w bottom} 1440} {{w gutter} 0}] 4}
2019/06/12 03:16:24 {0xc000126a00 <nil> <nil> 0xc000126c80 0xc000126d80 2 pgNumType w http://schemas.openxmlformats.org/wordprocessingml/2006/main [{{w fmt} decimal}] 4}
2019/06/12 03:16:24 {0xc000126a00 <nil> <nil> 0xc000126d00 0xc000126e00 2 formProt w http://schemas.openxmlformats.org/wordprocessingml/2006/main [{{w val} false}] 4}
2019/06/12 03:16:24 {0xc000126a00 <nil> <nil> 0xc000126d80 0xc000126e80 2 textDirection w http://schemas.openxmlformats.org/wordprocessingml/2006/main [{{w val} lrTb}] 4}
2019/06/12 03:16:24 {0xc000126a00 <nil> <nil> 0xc000126e00 <nil> 2 docGrid w http://schemas.openxmlformats.org/wordprocessingml/2006/main [{{w type} default} {{w linePitch} 360} {{w charSpace} 4294961151}] 4}
2019/06/12 03:16:24 original doc
<?xml version="1.0" encoding="UTF-8" standalone="yes"?><w:document xmlns:o="urn:schemas-microsoft-com:office:office" xmlns:r="http://schemas.openxmlformats.org/officeDocument/2006/relationships" xmlns:v="urn:schemas-microsoft-com:vml" xmlns:w="http://schemas.openxmlformats.org/wordprocessingml/2006/main" xmlns:w10="urn:schemas-microsoft-com:office:word" xmlns:wp="http://schemas.openxmlformats.org/drawingml/2006/wordprocessingDrawing" xmlns:wps="http://schemas.microsoft.com/office/word/2010/wordprocessingShape" xmlns:wpg="http://schemas.microsoft.com/office/word/2010/wordprocessingGroup" xmlns:mc="http://schemas.openxmlformats.org/markup-compatibility/2006" xmlns:wp14="http://schemas.microsoft.com/office/word/2010/wordprocessingDrawing" xmlns:w14="http://schemas.microsoft.com/office/word/2010/wordml" mc:Ignorable="w14 wp14"><w:body><w:p><w:pPr><w:pStyle w:val="Normal"></w:pStyle><w:rPr><w:sz w:val="24"></w:sz><w:sz w:val="24"></w:sz><w:szCs w:val="24"></w:szCs><w:rFonts w:ascii="Calibri" w:hAnsi="Calibri" w:eastAsia="Calibri" w:cs="" w:asciiTheme="minorHAnsi" w:cstheme="minorBidi" w:eastAsiaTheme="minorHAnsi" w:hAnsiTheme="minorHAnsi"></w:rFonts><w:color w:val="00000A"></w:color><w:lang w:val="en-US" w:eastAsia="en-US" w:bidi="ar-SA"></w:lang></w:rPr></w:pPr><w:r><w:rPr></w:rPr><w:t>This is a</w:t></w:r></w:p><w:sectPr><w:headerReference w:type="default" r:id="rId3"></w:headerReference><w:footerReference w:type="default" r:id="rId4"></w:footerReference><w:type w:val="nextPage"></w:type><w:pgSz w:w="12240" w:h="15840"></w:pgSz><w:pgMar w:left="1440" w:right="1440" w:header="720" w:top="1440" w:footer="720" w:bottom="1440" w:gutter="0"></w:pgMar><w:pgNumType w:fmt="decimal"></w:pgNumType><w:formProt w:val="false"></w:formProt><w:textDirection w:val="lrTb"></w:textDirection><w:docGrid w:type="default" w:linePitch="360" w:charSpace="4294961151"></w:docGrid></w:sectPr></w:body></w:document>
2019/06/12 03:16:25 {0xc000126300 0xc000126400 0xc000126480 <nil> 0xc000126800 2 pPr w http://schemas.openxmlformats.org/wordprocessingml/2006/main [] 4}
2019/06/12 03:16:25 {0xc000126380 <nil> <nil> <nil> 0xc000126480 2 pStyle w http://schemas.openxmlformats.org/wordprocessingml/2006/main [{{w val} Normal}] 5}
2019/06/12 03:16:25 {0xc000126380 0xc000126500 0xc000126780 0xc000126400 <nil> 2 rPr w http://schemas.openxmlformats.org/wordprocessingml/2006/main [] 5}
2019/06/12 03:16:25 {0xc000126480 <nil> <nil> <nil> 0xc000126580 2 sz w http://schemas.openxmlformats.org/wordprocessingml/2006/main [{{w val} 24}] 6}
2019/06/12 03:16:25 {0xc000126480 <nil> <nil> 0xc000126500 0xc000126600 2 sz w http://schemas.openxmlformats.org/wordprocessingml/2006/main [{{w val} 24}] 6}
2019/06/12 03:16:25 {0xc000126480 <nil> <nil> 0xc000126580 0xc000126680 2 szCs w http://schemas.openxmlformats.org/wordprocessingml/2006/main [{{w val} 24}] 6}
2019/06/12 03:16:25 {0xc000126480 <nil> <nil> 0xc000126600 0xc000126700 2 rFonts w http://schemas.openxmlformats.org/wordprocessingml/2006/main [{{w ascii} Calibri} {{w hAnsi} Calibri} {{w eastAsia} Calibri} {{w cs} } {{w asciiTheme} minorHAnsi} {{w cstheme} minorBidi} {{w eastAsiaTheme} minorHAnsi} {{w hAnsiTheme} minorHAnsi}] 6}
2019/06/12 03:16:25 {0xc000126480 <nil> <nil> 0xc000126680 0xc000126780 2 color w http://schemas.openxmlformats.org/wordprocessingml/2006/main [{{w val} 00000A}] 6}
2019/06/12 03:16:25 {0xc000126480 <nil> <nil> 0xc000126700 <nil> 2 lang w http://schemas.openxmlformats.org/wordprocessingml/2006/main [{{w val} en-US} {{w eastAsia} en-US} {{w bidi} ar-SA}] 6}
2019/06/12 03:16:25 Previous sibling
<w:pPr><w:pStyle w:val="Normal"></w:pStyle><w:rPr><w:sz w:val="24"></w:sz><w:sz w:val="24"></w:sz><w:szCs w:val="24"></w:szCs><w:rFonts w:ascii="Calibri" w:hAnsi="Calibri" w:eastAsia="Calibri" w:cs="" w:asciiTheme="minorHAnsi" w:cstheme="minorBidi" w:eastAsiaTheme="minorHAnsi" w:hAnsiTheme="minorHAnsi"></w:rFonts><w:color w:val="00000A"></w:color><w:lang w:val="en-US" w:eastAsia="en-US" w:bidi="ar-SA"></w:lang></w:rPr></w:pPr>
2019/06/12 03:19:54 {0xc000126100 <nil> <nil> <nil> 0xc000126200 1 xml   [{{ version} 1.0} {{ encoding} UTF-8} {{ standalone} yes}] 1}
2019/06/12 03:19:54 {0xc000126100 0xc000126280 0xc000126280 0xc000126180 <nil> 2 document w http://schemas.openxmlformats.org/wordprocessingml/2006/main [{{xmlns o} urn:schemas-microsoft-com:office:office} {{xmlns r} http://schemas.openxmlformats.org/officeDocument/2006/relationships} {{xmlns v} urn:schemas-microsoft-com:vml} {{xmlns w} http://schemas.openxmlformats.org/wordprocessingml/2006/main} {{xmlns w10} urn:schemas-microsoft-com:office:word} {{xmlns wp} http://schemas.openxmlformats.org/drawingml/2006/wordprocessingDrawing} {{xmlns wps} http://schemas.microsoft.com/office/word/2010/wordprocessingShape} {{xmlns wpg} http://schemas.microsoft.com/office/word/2010/wordprocessingGroup} {{xmlns mc} http://schemas.openxmlformats.org/markup-compatibility/2006} {{xmlns wp14} http://schemas.microsoft.com/office/word/2010/wordprocessingDrawing} {{xmlns w14} http://schemas.microsoft.com/office/word/2010/wordml} {{mc Ignorable} w14 wp14}] 1}
2019/06/12 03:19:54 {0xc000126200 0xc000126300 0xc000126a00 <nil> <nil> 2 body w http://schemas.openxmlformats.org/wordprocessingml/2006/main [] 2}
2019/06/12 03:19:54 {0xc000126280 0xc000126380 0xc000126800 <nil> 0xc000126a00 2 p w http://schemas.openxmlformats.org/wordprocessingml/2006/main [] 3}
2019/06/12 03:19:54 {0xc000126300 0xc000126400 0xc000126480 <nil> 0xc000126800 2 pPr w http://schemas.openxmlformats.org/wordprocessingml/2006/main [] 4}
2019/06/12 03:19:54 {0xc000126380 <nil> <nil> <nil> 0xc000126480 2 pStyle w http://schemas.openxmlformats.org/wordprocessingml/2006/main [{{w val} Normal}] 5}
2019/06/12 03:19:54 {0xc000126380 0xc000126500 0xc000126780 0xc000126400 <nil> 2 rPr w http://schemas.openxmlformats.org/wordprocessingml/2006/main [] 5}
2019/06/12 03:19:54 {0xc000126480 <nil> <nil> <nil> 0xc000126580 2 sz w http://schemas.openxmlformats.org/wordprocessingml/2006/main [{{w val} 24}] 6}
2019/06/12 03:19:54 {0xc000126480 <nil> <nil> 0xc000126500 0xc000126600 2 sz w http://schemas.openxmlformats.org/wordprocessingml/2006/main [{{w val} 24}] 6}
2019/06/12 03:19:54 {0xc000126480 <nil> <nil> 0xc000126580 0xc000126680 2 szCs w http://schemas.openxmlformats.org/wordprocessingml/2006/main [{{w val} 24}] 6}
2019/06/12 03:19:54 {0xc000126480 <nil> <nil> 0xc000126600 0xc000126700 2 rFonts w http://schemas.openxmlformats.org/wordprocessingml/2006/main [{{w ascii} Calibri} {{w hAnsi} Calibri} {{w eastAsia} Calibri} {{w cs} } {{w asciiTheme} minorHAnsi} {{w cstheme} minorBidi} {{w eastAsiaTheme} minorHAnsi} {{w hAnsiTheme} minorHAnsi}] 6}
2019/06/12 03:19:54 {0xc000126480 <nil> <nil> 0xc000126680 0xc000126780 2 color w http://schemas.openxmlformats.org/wordprocessingml/2006/main [{{w val} 00000A}] 6}
2019/06/12 03:19:54 {0xc000126480 <nil> <nil> 0xc000126700 <nil> 2 lang w http://schemas.openxmlformats.org/wordprocessingml/2006/main [{{w val} en-US} {{w eastAsia} en-US} {{w bidi} ar-SA}] 6}
2019/06/12 03:19:54 {0xc000126300 0xc000126880 0xc000126900 0xc000126380 <nil> 2 r w http://schemas.openxmlformats.org/wordprocessingml/2006/main [] 4}
2019/06/12 03:19:54 {0xc000126800 <nil> <nil> <nil> 0xc000126900 2 rPr w http://schemas.openxmlformats.org/wordprocessingml/2006/main [] 5}
2019/06/12 03:19:54 {0xc000126800 0xc000126980 0xc000126980 0xc000126880 <nil> 2 t w http://schemas.openxmlformats.org/wordprocessingml/2006/main [] 5}
2019/06/12 03:19:54 {0xc000126900 <nil> <nil> <nil> <nil> 3 This is a   [] 6}
2019/06/12 03:19:54 {0xc000126280 0xc000126a80 0xc000126e80 0xc000126300 <nil> 2 sectPr w http://schemas.openxmlformats.org/wordprocessingml/2006/main [] 3}
2019/06/12 03:19:54 {0xc000126a00 <nil> <nil> <nil> 0xc000126b00 2 headerReference w http://schemas.openxmlformats.org/wordprocessingml/2006/main [{{w type} default} {{r id} rId3}] 4}
2019/06/12 03:19:54 {0xc000126a00 <nil> <nil> 0xc000126a80 0xc000126b80 2 footerReference w http://schemas.openxmlformats.org/wordprocessingml/2006/main [{{w type} default} {{r id} rId4}] 4}
2019/06/12 03:19:54 {0xc000126a00 <nil> <nil> 0xc000126b00 0xc000126c00 2 type w http://schemas.openxmlformats.org/wordprocessingml/2006/main [{{w val} nextPage}] 4}
2019/06/12 03:19:54 {0xc000126a00 <nil> <nil> 0xc000126b80 0xc000126c80 2 pgSz w http://schemas.openxmlformats.org/wordprocessingml/2006/main [{{w w} 12240} {{w h} 15840}] 4}
2019/06/12 03:19:54 {0xc000126a00 <nil> <nil> 0xc000126c00 0xc000126d00 2 pgMar w http://schemas.openxmlformats.org/wordprocessingml/2006/main [{{w left} 1440} {{w right} 1440} {{w header} 720} {{w top} 1440} {{w footer} 720} {{w bottom} 1440} {{w gutter} 0}] 4}
2019/06/12 03:19:54 {0xc000126a00 <nil> <nil> 0xc000126c80 0xc000126d80 2 pgNumType w http://schemas.openxmlformats.org/wordprocessingml/2006/main [{{w fmt} decimal}] 4}
2019/06/12 03:19:54 {0xc000126a00 <nil> <nil> 0xc000126d00 0xc000126e00 2 formProt w http://schemas.openxmlformats.org/wordprocessingml/2006/main [{{w val} false}] 4}
2019/06/12 03:19:54 {0xc000126a00 <nil> <nil> 0xc000126d80 0xc000126e80 2 textDirection w http://schemas.openxmlformats.org/wordprocessingml/2006/main [{{w val} lrTb}] 4}
2019/06/12 03:19:54 {0xc000126a00 <nil> <nil> 0xc000126e00 <nil> 2 docGrid w http://schemas.openxmlformats.org/wordprocessingml/2006/main [{{w type} default} {{w linePitch} 360} {{w charSpace} 4294961151}] 4}
2019/06/12 03:19:54 after substitution
<?xml version="1.0" encoding="UTF-8" standalone="yes"?><w:document xmlns:o="urn:schemas-microsoft-com:office:office" xmlns:r="http://schemas.openxmlformats.org/officeDocument/2006/relationships" xmlns:v="urn:schemas-microsoft-com:vml" xmlns:w="http://schemas.openxmlformats.org/wordprocessingml/2006/main" xmlns:w10="urn:schemas-microsoft-com:office:word" xmlns:wp="http://schemas.openxmlformats.org/drawingml/2006/wordprocessingDrawing" xmlns:wps="http://schemas.microsoft.com/office/word/2010/wordprocessingShape" xmlns:wpg="http://schemas.microsoft.com/office/word/2010/wordprocessingGroup" xmlns:mc="http://schemas.openxmlformats.org/markup-compatibility/2006" xmlns:wp14="http://schemas.microsoft.com/office/word/2010/wordprocessingDrawing" xmlns:w14="http://schemas.microsoft.com/office/word/2010/wordml" mc:Ignorable="w14 wp14"><w:body><w:p><w:pPr><w:pStyle w:val="Normal"></w:pStyle><w:rPr><w:sz w:val="24"></w:sz><w:sz w:val="24"></w:sz><w:szCs w:val="24"></w:szCs><w:rFonts w:ascii="Calibri" w:hAnsi="Calibri" w:eastAsia="Calibri" w:cs="" w:asciiTheme="minorHAnsi" w:cstheme="minorBidi" w:eastAsiaTheme="minorHAnsi" w:hAnsiTheme="minorHAnsi"></w:rFonts><w:color w:val="00000A"></w:color><w:lang w:val="en-US" w:eastAsia="en-US" w:bidi="ar-SA"></w:lang></w:rPr></w:pPr><w:r><w:rPr></w:rPr><w:t>This is a</w:t></w:r></w:p><w:sectPr><w:headerReference w:type="default" r:id="rId3"></w:headerReference><w:footerReference w:type="default" r:id="rId4"></w:footerReference><w:type w:val="nextPage"></w:type><w:pgSz w:w="12240" w:h="15840"></w:pgSz><w:pgMar w:left="1440" w:right="1440" w:header="720" w:top="1440" w:footer="720" w:bottom="1440" w:gutter="0"></w:pgMar><w:pgNumType w:fmt="decimal"></w:pgNumType><w:formProt w:val="false"></w:formProt><w:textDirection w:val="lrTb"></w:textDirection><w:docGrid w:type="default" w:linePitch="360" w:charSpace="4294961151"></w:docGrid></w:sectPr></w:body></w:document>
